{
  "RSpec": {
    "coverage": {
      "/home/rational-recipe-6797/tic-tac-toe-rb-ruby-apply-000/lib/tic_tac_toe.rb": [
        null,
        1,
        1,
        1,
        1,
        1,
        1,
        1,
        1,
        1,
        1,
        1,
        1,
        1,
        null,
        null,
        1,
        23,
        23,
        23,
        23,
        23,
        null,
        null,
        null,
        1,
        22,
        null,
        null,
        null,
        1,
        200,
        null,
        null,
        null,
        null,
        1,
        19,
        null,
        null,
        null,
        1,
        21,
        null,
        null,
        null,
        1,
        24,
        null,
        null,
        null,
        1,
        22,
        null,
        null,
        null,
        1,
        18,
        18,
        18,
        18,
        1,
        1,
        1,
        null,
        18,
        18,
        null,
        null,
        null,
        null,
        null,
        null,
        null,
        1,
        1,
        1,
        1,
        1,
        1,
        1,
        1,
        1,
        null,
        null,
        1,
        718,
        76,
        642,
        32,
        null,
        610,
        null,
        null,
        null,
        null,
        1,
        83,
        83,
        664,
        null,
        83,
        null,
        null,
        null,
        1,
        60,
        60,
        23,
        null,
        37,
        null,
        60,
        null,
        null,
        null,
        1,
        196,
        null,
        null,
        null,
        null,
        1,
        37,
        null,
        null,
        null,
        1,
        12,
        null,
        null,
        1,
        8,
        7,
        null,
        null,
        null,
        null,
        1,
        null,
        1,
        null,
        1,
        29,
        6,
        23,
        3,
        20,
        16,
        16,
        null,
        null,
        null,
        1
      ]
    },
    "timestamp": 1592355359
  }
}
